Running in Lattice mode


Starting:    C:\lscc\iCEcube2.2020.12\synpbase\bin64\mbin\synbatch.exe
Install:     C:\lscc\iCEcube2.2020.12\synpbase
Hostname:    BRANDON_LAPTOP
Date:        Sat Nov 04 12:47:12 2023
Version:     L-2016.09L+ice40

Arguments:   -product synplify_pro -batch Random_Truth_Tables_syn.prj
ProductType: synplify_pro





log file: "C:\lscc\iCEcube2.2020.12\Projects\Go Board Tutorials\LUTs\Random_Truth_Tables\Random_Truth_Tables_Implmnt\Random_Truth_Tables.srr"
Running: Random_Truth_Tables_Implmnt in foreground

Running Random_Truth_Tables_syn|Random_Truth_Tables_Implmnt

Running: compile (Compile) on Random_Truth_Tables_syn|Random_Truth_Tables_Implmnt
# Sat Nov 04 12:47:12 2023

Running: compile_flow (Compile Process) on Random_Truth_Tables_syn|Random_Truth_Tables_Implmnt
# Sat Nov 04 12:47:12 2023

Running: compiler (Compile Input) on Random_Truth_Tables_syn|Random_Truth_Tables_Implmnt
# Sat Nov 04 12:47:12 2023
Copied C:\lscc\iCEcube2.2020.12\Projects\Go Board Tutorials\LUTs\Random_Truth_Tables\Random_Truth_Tables_Implmnt\synwork\Random_Truth_Tables_comp.srs to C:\lscc\iCEcube2.2020.12\Projects\Go Board Tutorials\LUTs\Random_Truth_Tables\Random_Truth_Tables_Implmnt\Random_Truth_Tables.srs

compiler completed
# Sat Nov 04 12:47:14 2023

Return Code: 0
Run Time:00h:00m:02s

Running: multi_srs_gen (Multi-srs Generator) on Random_Truth_Tables_syn|Random_Truth_Tables_Implmnt
# Sat Nov 04 12:47:14 2023

multi_srs_gen completed
# Sat Nov 04 12:47:14 2023

Return Code: 0
Run Time:00h:00m:00s
Copied C:\lscc\iCEcube2.2020.12\Projects\Go Board Tutorials\LUTs\Random_Truth_Tables\Random_Truth_Tables_Implmnt\synwork\Random_Truth_Tables_mult.srs to C:\lscc\iCEcube2.2020.12\Projects\Go Board Tutorials\LUTs\Random_Truth_Tables\Random_Truth_Tables_Implmnt\Random_Truth_Tables.srs
Complete: Compile Process on Random_Truth_Tables_syn|Random_Truth_Tables_Implmnt

Running: premap (Pre-mapping) on Random_Truth_Tables_syn|Random_Truth_Tables_Implmnt
# Sat Nov 04 12:47:14 2023

premap completed
# Sat Nov 04 12:47:15 2023

Return Code: 0
Run Time:00h:00m:01s
Complete: Compile on Random_Truth_Tables_syn|Random_Truth_Tables_Implmnt

Running: map (Map) on Random_Truth_Tables_syn|Random_Truth_Tables_Implmnt
# Sat Nov 04 12:47:15 2023
License granted for 4 parallel jobs

Running: fpga_mapper (Map & Optimize) on Random_Truth_Tables_syn|Random_Truth_Tables_Implmnt
# Sat Nov 04 12:47:15 2023
Copied C:\lscc\iCEcube2.2020.12\Projects\Go Board Tutorials\LUTs\Random_Truth_Tables\Random_Truth_Tables_Implmnt\synwork\Random_Truth_Tables_m.srm to C:\lscc\iCEcube2.2020.12\Projects\Go Board Tutorials\LUTs\Random_Truth_Tables\Random_Truth_Tables_Implmnt\Random_Truth_Tables.srm

fpga_mapper completed
# Sat Nov 04 12:47:16 2023

Return Code: 0
Run Time:00h:00m:01s
Complete: Map on Random_Truth_Tables_syn|Random_Truth_Tables_Implmnt
Complete: Logic Synthesis on Random_Truth_Tables_syn|Random_Truth_Tables_Implmnt

exit status=0

exit status=0

