Running in Lattice mode


Starting:    C:\lscc\iCEcube2.2020.12\synpbase\bin64\mbin\synbatch.exe
Install:     C:\lscc\iCEcube2.2020.12\synpbase
Hostname:    BRANDON_LAPTOP
Date:        Fri Nov 03 23:52:54 2023
Version:     L-2016.09L+ice40

Arguments:   -product synplify_pro -batch Switches_and_LEDs_syn.prj
ProductType: synplify_pro





log file: "C:\lscc\iCEcube2.2020.12\Projects\Switches_and_LEDs\Switches_and_LEDs_Implmnt\Switches_and_LEDs.srr"
Running: Switches_and_LEDs_Implmnt in foreground

Running Switches_and_LEDs_syn|Switches_and_LEDs_Implmnt

Running: compile (Compile) on Switches_and_LEDs_syn|Switches_and_LEDs_Implmnt
# Fri Nov 03 23:52:54 2023

Running: compile_flow (Compile Process) on Switches_and_LEDs_syn|Switches_and_LEDs_Implmnt
# Fri Nov 03 23:52:54 2023

Running: compiler (Compile Input) on Switches_and_LEDs_syn|Switches_and_LEDs_Implmnt
# Fri Nov 03 23:52:54 2023
Copied C:\lscc\iCEcube2.2020.12\Projects\Switches_and_LEDs\Switches_and_LEDs_Implmnt\synwork\Switches_and_LEDs_comp.srs to C:\lscc\iCEcube2.2020.12\Projects\Switches_and_LEDs\Switches_and_LEDs_Implmnt\Switches_and_LEDs.srs

compiler completed
# Fri Nov 03 23:52:56 2023

Return Code: 0
Run Time:00h:00m:02s

Running: multi_srs_gen (Multi-srs Generator) on Switches_and_LEDs_syn|Switches_and_LEDs_Implmnt
# Fri Nov 03 23:52:56 2023

multi_srs_gen completed
# Fri Nov 03 23:52:56 2023

Return Code: 0
Run Time:00h:00m:00s
Copied C:\lscc\iCEcube2.2020.12\Projects\Switches_and_LEDs\Switches_and_LEDs_Implmnt\synwork\Switches_and_LEDs_mult.srs to C:\lscc\iCEcube2.2020.12\Projects\Switches_and_LEDs\Switches_and_LEDs_Implmnt\Switches_and_LEDs.srs
Complete: Compile Process on Switches_and_LEDs_syn|Switches_and_LEDs_Implmnt

Running: premap (Pre-mapping) on Switches_and_LEDs_syn|Switches_and_LEDs_Implmnt
# Fri Nov 03 23:52:56 2023

premap completed
# Fri Nov 03 23:52:56 2023

Return Code: 0
Run Time:00h:00m:00s
Complete: Compile on Switches_and_LEDs_syn|Switches_and_LEDs_Implmnt

Running: map (Map) on Switches_and_LEDs_syn|Switches_and_LEDs_Implmnt
# Fri Nov 03 23:52:56 2023
License granted for 4 parallel jobs

Running: fpga_mapper (Map & Optimize) on Switches_and_LEDs_syn|Switches_and_LEDs_Implmnt
# Fri Nov 03 23:52:56 2023
Copied C:\lscc\iCEcube2.2020.12\Projects\Switches_and_LEDs\Switches_and_LEDs_Implmnt\synwork\Switches_and_LEDs_m.srm to C:\lscc\iCEcube2.2020.12\Projects\Switches_and_LEDs\Switches_and_LEDs_Implmnt\Switches_and_LEDs.srm

fpga_mapper completed
# Fri Nov 03 23:52:57 2023

Return Code: 0
Run Time:00h:00m:01s
Complete: Map on Switches_and_LEDs_syn|Switches_and_LEDs_Implmnt
Complete: Logic Synthesis on Switches_and_LEDs_syn|Switches_and_LEDs_Implmnt

exit status=0

exit status=0

