# ******************************************************************************

# iCEcube Static Timer

# Version:            2020.12.27943

# Build Date:         Dec  9 2020 17:33:20

# File Generated:     Nov 4 2023 14:31:33

# Purpose:            Timing Report with critical paths info

# Copyright (C) 2006-2010 by Lattice Semiconductor Corp. All rights reserved.

# ******************************************************************************

Device: iCE40HX1K
Derating factors (Best:Typical:Worst) :-  ( 0.563724 : 0.623363 : 0.701346 )
Derating factor used to generate this timing report:  Worst
Based on the following operating conditions 
Junction Temperature(degree Celsius): 85
Core Voltage(V): 1.14
Process Corner:  Worst
NOTE:
Please check both worst-case and best-case scenarios for "Setup Times" 
and "Hold Times" checks
 #####################################################################
                    Table of Contents
 =====================================================================
	1::Clock Frequency Summary
	2::Clock Relationship Summary
	3::Datasheet Report
		3.1::Setup Times
		3.2::Clock to Out
		3.3::Pad to Pad
		3.4::Hold Times
		3.5::Minimum Clock to Out
		3.6::Minimum Pad To Pad
	4::Path Details for Clock Frequency Summary
		4.1::Critical Path Report for i_Clk
	5::Path Details for Clock Relationship Summary
		5.1::Critical Path Report for (i_Clk:R vs. i_Clk:R)
	6::Path Details for DataSheet
		6.1::Setup Times Path Details
			6.1.1::Path details for port: i_Switch_1
		6.2::Clock to Out Path Details
			6.2.1::Path details for port: o_LED_1
		6.3::PI to PO Path Details
		6.4::Hold Times Path Details
			6.4.1::Path details for port: i_Switch_1
		6.5::Minimum Clock to Out Path Details
			6.5.1::Path details for port: o_LED_1
		6.6::Minimum Pad To Pad Path Details
 =====================================================================
                    End of Table of Contents
 #####################################################################

 #####################################################################
                    1::Clock Frequency Summary
 =====================================================================
Number of clocks: 1
Clock: i_Clk  | Frequency: 654.05 MHz  | Target: 25.00 MHz  | 

 =====================================================================
                    End of Clock Frequency Summary
 #####################################################################


 #####################################################################
                    2::Clock Relationship Summary
 =====================================================================

Launch Clock  Capture Clock  Constraint(R-R)  Slack(R-R)  Constraint(R-F)  Slack(R-F)  Constraint(F-F)  Slack(F-F)  Constraint(F-R)  Slack(F-R)  
------------  -------------  ---------------  ----------  ---------------  ----------  ---------------  ----------  ---------------  ----------  
i_Clk         i_Clk          40000            38471       N/A              N/A         N/A              N/A         N/A              N/A         

 =====================================================================
                    End of Clock Relationship Summary
 #####################################################################


 #####################################################################
                    3::Datasheet Report

All values are in Picoseconds
 =====================================================================

                        3.1::Setup Times
                        ----------------

Data Port   Clock Port  Setup Times  Clock Reference:Phase  
----------  ----------  -----------  ---------------------  
i_Switch_1  i_Clk       -195         i_Clk:R                


                       3.2::Clock to Out
                       -----------------

Data Port  Clock Port  Clock to Out  Clock Reference:Phase  
---------  ----------  ------------  ---------------------  
o_LED_1    i_Clk       8474          i_Clk:R                


                         3.3::Pad to Pad
                         ---------------

Port Name (Input)  Port Name (Output)  Pad to Pad  
-----------------  ------------------  ----------  


                         3.4::Hold Times
                         ---------------

Data Port   Clock Port  Hold Times  Clock Reference:Phase  
----------  ----------  ----------  ---------------------  
i_Switch_1  i_Clk       932         i_Clk:R                


               3.5::Minimum Clock to Out
               -------------------------

Data Port  Clock Port  Minimum Clock to Out  Clock Reference:Phase  
---------  ----------  --------------------  ---------------------  
o_LED_1    i_Clk       8062                  i_Clk:R                


                 3.6::Minimum Pad To Pad
                 -----------------------

Port Name (Input)  Port Name (Output)  Minimum Pad To Pad  
-----------------  ------------------  ------------------  

===================================================================== 
                    End of Datasheet Report
##################################################################### 
##################################################################### 
                    4::Path Details for Clock Frequency Summary
===================================================================== 
4.1::Critical Path Report for i_Clk
***********************************
Clock: i_Clk
Frequency: 654.05 MHz | Target: 25.00 MHz

++++ Path 1 ++++++++++++++++++++++++++++++++++++++++++++++++++++++++++ 

Path Begin       : r_LED_1_LC_1_4_7/lcout
Path End         : r_LED_1_LC_1_4_7/in1
Capture Clock    : r_LED_1_LC_1_4_7/clk
Setup Constraint : 40000p
Path slack       : 38472p

Capture Clock Arrival Time (i_Clk:R#2)   40000
+ Capture Clock Source Latency               0
+ Capture Clock Path Delay                2381
- Setup Time                              -400
--------------------------------------   ----- 
End-of-path required time (ps)           41982

Launch Clock Arrival Time (i_Clk:R#1)      0
+ Launch Clock Source Latency              0
+ Launch Clock Path Delay               2381
+ Clock To Q                             540
+ Data Path Delay                        589
-------------------------------------   ---- 
End-of-path arrival time (ps)           3510
 
Launch Clock Path
pin name                                            model name                 delay  cumulative delay  edge  Fanout
--------------------------------------------------  -------------------------  -----  ----------------  ----  ------
i_Clk                                               Switch_1_LED_Toggle            0                 0  RISE       1
i_Clk_ibuf_gb_io_iopad/PACKAGEPIN:in                IO_PAD                         0                 0  RISE       1
i_Clk_ibuf_gb_io_iopad/DOUT                         IO_PAD                       510               510  RISE       1
i_Clk_ibuf_gb_io_preiogbuf/PADSIGNALTOGLOBALBUFFER  PRE_IO_GBUF                    0               510  RISE       1
i_Clk_ibuf_gb_io_preiogbuf/GLOBALBUFFEROUTPUT       PRE_IO_GBUF                 1408              1918  RISE       1
I__8/I                                              gio2CtrlBuf                    0              1918  RISE       1
I__8/O                                              gio2CtrlBuf                    0              1918  RISE       1
I__9/I                                              GlobalMux                      0              1918  RISE       1
I__9/O                                              GlobalMux                    154              2073  RISE       1
I__10/I                                             ClkMux                         0              2073  RISE       1
I__10/O                                             ClkMux                       309              2381  RISE       1
r_LED_1_LC_1_4_7/clk                                LogicCell40_SEQ_MODE_1000      0              2381  RISE       1

Data path
pin name                model name                 delay  cumulative delay  slack  edge  Fanout
----------------------  -------------------------  -----  ----------------  -----  ----  ------
r_LED_1_LC_1_4_7/lcout  LogicCell40_SEQ_MODE_1000    540              2921  38471  RISE       2
I__11/I                 LocalMux                       0              2921  38471  RISE       1
I__11/O                 LocalMux                     330              3251  38471  RISE       1
I__13/I                 InMux                          0              3251  38471  RISE       1
I__13/O                 InMux                        259              3510  38471  RISE       1
r_LED_1_LC_1_4_7/in1    LogicCell40_SEQ_MODE_1000      0              3510  38471  RISE       1

Capture Clock Path
pin name                                            model name                 delay  cumulative delay  edge  Fanout
--------------------------------------------------  -------------------------  -----  ----------------  ----  ------
i_Clk                                               Switch_1_LED_Toggle            0                 0  RISE       1
i_Clk_ibuf_gb_io_iopad/PACKAGEPIN:in                IO_PAD                         0                 0  RISE       1
i_Clk_ibuf_gb_io_iopad/DOUT                         IO_PAD                       510               510  RISE       1
i_Clk_ibuf_gb_io_preiogbuf/PADSIGNALTOGLOBALBUFFER  PRE_IO_GBUF                    0               510  RISE       1
i_Clk_ibuf_gb_io_preiogbuf/GLOBALBUFFEROUTPUT       PRE_IO_GBUF                 1408              1918  RISE       1
I__8/I                                              gio2CtrlBuf                    0              1918  RISE       1
I__8/O                                              gio2CtrlBuf                    0              1918  RISE       1
I__9/I                                              GlobalMux                      0              1918  RISE       1
I__9/O                                              GlobalMux                    154              2073  RISE       1
I__10/I                                             ClkMux                         0              2073  RISE       1
I__10/O                                             ClkMux                       309              2381  RISE       1
r_LED_1_LC_1_4_7/clk                                LogicCell40_SEQ_MODE_1000      0              2381  RISE       1



===================================================================== 
                    End of Path Details for Clock Frequency Summary
##################################################################### 


##################################################################### 
                    5::Path Details for Clock Relationship Summary
===================================================================== 

5.1::Critical Path Report for (i_Clk:R vs. i_Clk:R)
***************************************************

++++ Path 1 ++++++++++++++++++++++++++++++++++++++++++++++++++++++++++ 

Path Begin       : r_LED_1_LC_1_4_7/lcout
Path End         : r_LED_1_LC_1_4_7/in1
Capture Clock    : r_LED_1_LC_1_4_7/clk
Setup Constraint : 40000p
Path slack       : 38472p

Capture Clock Arrival Time (i_Clk:R#2)   40000
+ Capture Clock Source Latency               0
+ Capture Clock Path Delay                2381
- Setup Time                              -400
--------------------------------------   ----- 
End-of-path required time (ps)           41982

Launch Clock Arrival Time (i_Clk:R#1)      0
+ Launch Clock Source Latency              0
+ Launch Clock Path Delay               2381
+ Clock To Q                             540
+ Data Path Delay                        589
-------------------------------------   ---- 
End-of-path arrival time (ps)           3510
 
Launch Clock Path
pin name                                            model name                 delay  cumulative delay  edge  Fanout
--------------------------------------------------  -------------------------  -----  ----------------  ----  ------
i_Clk                                               Switch_1_LED_Toggle            0                 0  RISE       1
i_Clk_ibuf_gb_io_iopad/PACKAGEPIN:in                IO_PAD                         0                 0  RISE       1
i_Clk_ibuf_gb_io_iopad/DOUT                         IO_PAD                       510               510  RISE       1
i_Clk_ibuf_gb_io_preiogbuf/PADSIGNALTOGLOBALBUFFER  PRE_IO_GBUF                    0               510  RISE       1
i_Clk_ibuf_gb_io_preiogbuf/GLOBALBUFFEROUTPUT       PRE_IO_GBUF                 1408              1918  RISE       1
I__8/I                                              gio2CtrlBuf                    0              1918  RISE       1
I__8/O                                              gio2CtrlBuf                    0              1918  RISE       1
I__9/I                                              GlobalMux                      0              1918  RISE       1
I__9/O                                              GlobalMux                    154              2073  RISE       1
I__10/I                                             ClkMux                         0              2073  RISE       1
I__10/O                                             ClkMux                       309              2381  RISE       1
r_LED_1_LC_1_4_7/clk                                LogicCell40_SEQ_MODE_1000      0              2381  RISE       1

Data path
pin name                model name                 delay  cumulative delay  slack  edge  Fanout
----------------------  -------------------------  -----  ----------------  -----  ----  ------
r_LED_1_LC_1_4_7/lcout  LogicCell40_SEQ_MODE_1000    540              2921  38471  RISE       2
I__11/I                 LocalMux                       0              2921  38471  RISE       1
I__11/O                 LocalMux                     330              3251  38471  RISE       1
I__13/I                 InMux                          0              3251  38471  RISE       1
I__13/O                 InMux                        259              3510  38471  RISE       1
r_LED_1_LC_1_4_7/in1    LogicCell40_SEQ_MODE_1000      0              3510  38471  RISE       1

Capture Clock Path
pin name                                            model name                 delay  cumulative delay  edge  Fanout
--------------------------------------------------  -------------------------  -----  ----------------  ----  ------
i_Clk                                               Switch_1_LED_Toggle            0                 0  RISE       1
i_Clk_ibuf_gb_io_iopad/PACKAGEPIN:in                IO_PAD                         0                 0  RISE       1
i_Clk_ibuf_gb_io_iopad/DOUT                         IO_PAD                       510               510  RISE       1
i_Clk_ibuf_gb_io_preiogbuf/PADSIGNALTOGLOBALBUFFER  PRE_IO_GBUF                    0               510  RISE       1
i_Clk_ibuf_gb_io_preiogbuf/GLOBALBUFFEROUTPUT       PRE_IO_GBUF                 1408              1918  RISE       1
I__8/I                                              gio2CtrlBuf                    0              1918  RISE       1
I__8/O                                              gio2CtrlBuf                    0              1918  RISE       1
I__9/I                                              GlobalMux                      0              1918  RISE       1
I__9/O                                              GlobalMux                    154              2073  RISE       1
I__10/I                                             ClkMux                         0              2073  RISE       1
I__10/O                                             ClkMux                       309              2381  RISE       1
r_LED_1_LC_1_4_7/clk                                LogicCell40_SEQ_MODE_1000      0              2381  RISE       1



===================================================================== 
                    End of Path Details for Clock Relationship Summary
##################################################################### 


##################################################################### 
                    6::Path Details for DataSheet
===================================================================== 


6.1::Setup Times Path Details           
--------------------------------------------------

6.1.1::Path details for port: i_Switch_1
--------------------------------------------------

++++ Path 1 ++++++++++++++++++++++++++++++++++++++++++++++++++++++++++

Data Port         : i_Switch_1
Clock Port        : i_Clk
Clock Reference   : i_Clk:R
Setup Time        : -195


Data Path Delay                1716
+ Setup Time                    470
- Capture Clock Path Delay    -2381
---------------------------- ------
Setup to Clock                 -195

Data Path
pin name                             model name                 delay  cummulative delay  edge  Fanout  
-----------------------------------  -------------------------  -----  -----------------  ----  ------  
i_Switch_1                           Switch_1_LED_Toggle        0      0                  RISE  1       
i_Switch_1_ibuf_iopad/PACKAGEPIN:in  IO_PAD                     0      0                  RISE  1       
i_Switch_1_ibuf_iopad/DOUT           IO_PAD                     510    510                RISE  1       
i_Switch_1_ibuf_preio/PADIN          PRE_IO_PIN_TYPE_000001     0      510                RISE  1       
i_Switch_1_ibuf_preio/DIN0           PRE_IO_PIN_TYPE_000001     617    1127               RISE  1       
I__19/I                              LocalMux                   0      1127               RISE  1       
I__19/O                              LocalMux                   330    1457               RISE  1       
I__20/I                              InMux                      0      1457               RISE  1       
I__20/O                              InMux                      259    1716               RISE  1       
r_LED_1_LC_1_4_7/in0                 LogicCell40_SEQ_MODE_1000  0      1716               RISE  1       

Capture Clock Path
pin name                                            model name                 delay  cummulative delay  edge  Fanout  
--------------------------------------------------  -------------------------  -----  -----------------  ----  ------  
i_Clk                                               Switch_1_LED_Toggle        0      0                  RISE  1       
i_Clk_ibuf_gb_io_iopad/PACKAGEPIN:in                IO_PAD                     0      0                  RISE  1       
i_Clk_ibuf_gb_io_iopad/DOUT                         IO_PAD                     510    510                RISE  1       
i_Clk_ibuf_gb_io_preiogbuf/PADSIGNALTOGLOBALBUFFER  PRE_IO_GBUF                0      510                RISE  1       
i_Clk_ibuf_gb_io_preiogbuf/GLOBALBUFFEROUTPUT       PRE_IO_GBUF                1408   1918               RISE  1       
I__8/I                                              gio2CtrlBuf                0      1918               RISE  1       
I__8/O                                              gio2CtrlBuf                0      1918               RISE  1       
I__9/I                                              GlobalMux                  0      1918               RISE  1       
I__9/O                                              GlobalMux                  154    2073               RISE  1       
I__10/I                                             ClkMux                     0      2073               RISE  1       
I__10/O                                             ClkMux                     309    2381               RISE  1       
r_LED_1_LC_1_4_7/clk                                LogicCell40_SEQ_MODE_1000  0      2381               RISE  1       

6.2::Clock to Out Path Details          
--------------------------------------------------

6.2.1::Path details for port: o_LED_1   
--------------------------------------------------

++++ Path 1 ++++++++++++++++++++++++++++++++++++++++++++++++++++++++++

Data Port          : o_LED_1
Clock Port         : i_Clk
Clock Reference    : i_Clk:R
Clock to Out Delay : 8474


Launch Clock Path Delay        2381
+ Clock To Q Delay              540
+ Data Path Delay              5553
---------------------------- ------
Clock To Out Delay             8474

Launch Clock Path
pin name                                            model name                 delay  cummulative delay  edge  Fanout  
--------------------------------------------------  -------------------------  -----  -----------------  ----  ------  
i_Clk                                               Switch_1_LED_Toggle        0      0                  RISE  1       
i_Clk_ibuf_gb_io_iopad/PACKAGEPIN:in                IO_PAD                     0      0                  RISE  1       
i_Clk_ibuf_gb_io_iopad/DOUT                         IO_PAD                     510    510                RISE  1       
i_Clk_ibuf_gb_io_preiogbuf/PADSIGNALTOGLOBALBUFFER  PRE_IO_GBUF                0      510                RISE  1       
i_Clk_ibuf_gb_io_preiogbuf/GLOBALBUFFEROUTPUT       PRE_IO_GBUF                1408   1918               RISE  1       
I__8/I                                              gio2CtrlBuf                0      1918               RISE  1       
I__8/O                                              gio2CtrlBuf                0      1918               RISE  1       
I__9/I                                              GlobalMux                  0      1918               RISE  1       
I__9/O                                              GlobalMux                  154    2073               RISE  1       
I__10/I                                             ClkMux                     0      2073               RISE  1       
I__10/O                                             ClkMux                     309    2381               RISE  1       
r_LED_1_LC_1_4_7/clk                                LogicCell40_SEQ_MODE_1000  0      2381               RISE  1       

Data Path
pin name                           model name                 delay  cummulative delay  edge  Fanout  
---------------------------------  -------------------------  -----  -----------------  ----  ------  
r_LED_1_LC_1_4_7/lcout             LogicCell40_SEQ_MODE_1000  540    2921               RISE  2       
I__12/I                            Odrv4                      0      2921               RISE  1       
I__12/O                            Odrv4                      351    3272               RISE  1       
I__14/I                            IoSpan4Mux                 0      3272               RISE  1       
I__14/O                            IoSpan4Mux                 288    3560               RISE  1       
I__15/I                            LocalMux                   0      3560               RISE  1       
I__15/O                            LocalMux                   330    3889               RISE  1       
I__16/I                            IoInMux                    0      3889               RISE  1       
I__16/O                            IoInMux                    259    4149               RISE  1       
o_LED_1_obuf_preio/DOUT0           PRE_IO_PIN_TYPE_011001     0      4149               RISE  1       
o_LED_1_obuf_preio/PADOUT          PRE_IO_PIN_TYPE_011001     2237   6386               FALL  1       
o_LED_1_obuf_iopad/DIN             IO_PAD                     0      6386               FALL  1       
o_LED_1_obuf_iopad/PACKAGEPIN:out  IO_PAD                     2088   8474               FALL  1       
o_LED_1                            Switch_1_LED_Toggle        0      8474               FALL  1       

6.4::Hold Times Path Details            
--------------------------------------------------

6.4.1::Path details for port: i_Switch_1
--------------------------------------------------

++++ Path 1 ++++++++++++++++++++++++++++++++++++++++++++++++++++++++++

Data Port         : i_Switch_1
Clock Port        : i_Clk
Clock Reference   : i_Clk:R
Hold Time         : 932


Capture Clock Path Delay       2381
+ Hold  Time                      0
- Data Path Delay             -1449
---------------------------- ------
Hold Time                       932

Data Path
pin name                             model name                 delay  cummulative delay  edge  Fanout  
-----------------------------------  -------------------------  -----  -----------------  ----  ------  
i_Switch_1                           Switch_1_LED_Toggle        0      0                  FALL  1       
i_Switch_1_ibuf_iopad/PACKAGEPIN:in  IO_PAD                     0      0                  FALL  1       
i_Switch_1_ibuf_iopad/DOUT           IO_PAD                     460    460                FALL  1       
i_Switch_1_ibuf_preio/PADIN          PRE_IO_PIN_TYPE_000001     0      460                FALL  1       
i_Switch_1_ibuf_preio/DIN0           PRE_IO_PIN_TYPE_000001     463    923                FALL  1       
I__19/I                              LocalMux                   0      923                FALL  1       
I__19/O                              LocalMux                   309    1231               FALL  1       
I__20/I                              InMux                      0      1231               FALL  1       
I__20/O                              InMux                      217    1449               FALL  1       
r_LED_1_LC_1_4_7/in0                 LogicCell40_SEQ_MODE_1000  0      1449               FALL  1       

Capture Clock Path
pin name                                            model name                 delay  cummulative delay  edge  Fanout  
--------------------------------------------------  -------------------------  -----  -----------------  ----  ------  
i_Clk                                               Switch_1_LED_Toggle        0      0                  RISE  1       
i_Clk_ibuf_gb_io_iopad/PACKAGEPIN:in                IO_PAD                     0      0                  RISE  1       
i_Clk_ibuf_gb_io_iopad/DOUT                         IO_PAD                     510    510                RISE  1       
i_Clk_ibuf_gb_io_preiogbuf/PADSIGNALTOGLOBALBUFFER  PRE_IO_GBUF                0      510                RISE  1       
i_Clk_ibuf_gb_io_preiogbuf/GLOBALBUFFEROUTPUT       PRE_IO_GBUF                1408   1918               RISE  1       
I__8/I                                              gio2CtrlBuf                0      1918               RISE  1       
I__8/O                                              gio2CtrlBuf                0      1918               RISE  1       
I__9/I                                              GlobalMux                  0      1918               RISE  1       
I__9/O                                              GlobalMux                  154    2073               RISE  1       
I__10/I                                             ClkMux                     0      2073               RISE  1       
I__10/O                                             ClkMux                     309    2381               RISE  1       
r_LED_1_LC_1_4_7/clk                                LogicCell40_SEQ_MODE_1000  0      2381               RISE  1       

6.5::Min Clock to Out Path Details      
--------------------------------------------------

6.5.1::Path details for port: o_LED_1   
--------------------------------------------------

++++ Path 1 ++++++++++++++++++++++++++++++++++++++++++++++++++++++++++

Data Port          : o_LED_1
Clock Port         : i_Clk
Clock Reference    : i_Clk:R
Clock to Out Delay : 8062


Launch Clock Path Delay        2381
+ Clock To Q Delay              540
+ Data Path Delay              5141
---------------------------- ------
Clock To Out Delay             8062

Launch Clock Path
pin name                                            model name                 delay  cummulative delay  edge  Fanout  
--------------------------------------------------  -------------------------  -----  -----------------  ----  ------  
i_Clk                                               Switch_1_LED_Toggle        0      0                  RISE  1       
i_Clk_ibuf_gb_io_iopad/PACKAGEPIN:in                IO_PAD                     0      0                  RISE  1       
i_Clk_ibuf_gb_io_iopad/DOUT                         IO_PAD                     510    510                RISE  1       
i_Clk_ibuf_gb_io_preiogbuf/PADSIGNALTOGLOBALBUFFER  PRE_IO_GBUF                0      510                RISE  1       
i_Clk_ibuf_gb_io_preiogbuf/GLOBALBUFFEROUTPUT       PRE_IO_GBUF                1408   1918               RISE  1       
I__8/I                                              gio2CtrlBuf                0      1918               RISE  1       
I__8/O                                              gio2CtrlBuf                0      1918               RISE  1       
I__9/I                                              GlobalMux                  0      1918               RISE  1       
I__9/O                                              GlobalMux                  154    2073               RISE  1       
I__10/I                                             ClkMux                     0      2073               RISE  1       
I__10/O                                             ClkMux                     309    2381               RISE  1       
r_LED_1_LC_1_4_7/clk                                LogicCell40_SEQ_MODE_1000  0      2381               RISE  1       

Data Path
pin name                           model name                 delay  cummulative delay  edge  Fanout  
---------------------------------  -------------------------  -----  -----------------  ----  ------  
r_LED_1_LC_1_4_7/lcout             LogicCell40_SEQ_MODE_1000  540    2921               FALL  2       
I__12/I                            Odrv4                      0      2921               FALL  1       
I__12/O                            Odrv4                      372    3293               FALL  1       
I__14/I                            IoSpan4Mux                 0      3293               FALL  1       
I__14/O                            IoSpan4Mux                 323    3616               FALL  1       
I__15/I                            LocalMux                   0      3616               FALL  1       
I__15/O                            LocalMux                   309    3924               FALL  1       
I__16/I                            IoInMux                    0      3924               FALL  1       
I__16/O                            IoInMux                    217    4142               FALL  1       
o_LED_1_obuf_preio/DOUT0           PRE_IO_PIN_TYPE_011001     0      4142               FALL  1       
o_LED_1_obuf_preio/PADOUT          PRE_IO_PIN_TYPE_011001     2006   6148               RISE  1       
o_LED_1_obuf_iopad/DIN             IO_PAD                     0      6148               RISE  1       
o_LED_1_obuf_iopad/PACKAGEPIN:out  IO_PAD                     1914   8062               RISE  1       
o_LED_1                            Switch_1_LED_Toggle        0      8062               RISE  1       


 =====================================================================
                    End of Path Details for Datasheet
 #####################################################################

##################################################################### 
                    Detailed Setup Report for all timing paths 
===================================================================== 

++++ Path 1 ++++++++++++++++++++++++++++++++++++++++++++++++++++++++++ 

Path Begin       : r_LED_1_LC_1_4_7/lcout
Path End         : r_LED_1_LC_1_4_7/in1
Capture Clock    : r_LED_1_LC_1_4_7/clk
Setup Constraint : 40000p
Path slack       : 38472p

Capture Clock Arrival Time (i_Clk:R#2)   40000
+ Capture Clock Source Latency               0
+ Capture Clock Path Delay                2381
- Setup Time                              -400
--------------------------------------   ----- 
End-of-path required time (ps)           41982

Launch Clock Arrival Time (i_Clk:R#1)      0
+ Launch Clock Source Latency              0
+ Launch Clock Path Delay               2381
+ Clock To Q                             540
+ Data Path Delay                        589
-------------------------------------   ---- 
End-of-path arrival time (ps)           3510
 
Launch Clock Path
pin name                                            model name                 delay  cumulative delay  edge  Fanout
--------------------------------------------------  -------------------------  -----  ----------------  ----  ------
i_Clk                                               Switch_1_LED_Toggle            0                 0  RISE       1
i_Clk_ibuf_gb_io_iopad/PACKAGEPIN:in                IO_PAD                         0                 0  RISE       1
i_Clk_ibuf_gb_io_iopad/DOUT                         IO_PAD                       510               510  RISE       1
i_Clk_ibuf_gb_io_preiogbuf/PADSIGNALTOGLOBALBUFFER  PRE_IO_GBUF                    0               510  RISE       1
i_Clk_ibuf_gb_io_preiogbuf/GLOBALBUFFEROUTPUT       PRE_IO_GBUF                 1408              1918  RISE       1
I__8/I                                              gio2CtrlBuf                    0              1918  RISE       1
I__8/O                                              gio2CtrlBuf                    0              1918  RISE       1
I__9/I                                              GlobalMux                      0              1918  RISE       1
I__9/O                                              GlobalMux                    154              2073  RISE       1
I__10/I                                             ClkMux                         0              2073  RISE       1
I__10/O                                             ClkMux                       309              2381  RISE       1
r_LED_1_LC_1_4_7/clk                                LogicCell40_SEQ_MODE_1000      0              2381  RISE       1

Data path
pin name                model name                 delay  cumulative delay  slack  edge  Fanout
----------------------  -------------------------  -----  ----------------  -----  ----  ------
r_LED_1_LC_1_4_7/lcout  LogicCell40_SEQ_MODE_1000    540              2921  38471  RISE       2
I__11/I                 LocalMux                       0              2921  38471  RISE       1
I__11/O                 LocalMux                     330              3251  38471  RISE       1
I__13/I                 InMux                          0              3251  38471  RISE       1
I__13/O                 InMux                        259              3510  38471  RISE       1
r_LED_1_LC_1_4_7/in1    LogicCell40_SEQ_MODE_1000      0              3510  38471  RISE       1

Capture Clock Path
pin name                                            model name                 delay  cumulative delay  edge  Fanout
--------------------------------------------------  -------------------------  -----  ----------------  ----  ------
i_Clk                                               Switch_1_LED_Toggle            0                 0  RISE       1
i_Clk_ibuf_gb_io_iopad/PACKAGEPIN:in                IO_PAD                         0                 0  RISE       1
i_Clk_ibuf_gb_io_iopad/DOUT                         IO_PAD                       510               510  RISE       1
i_Clk_ibuf_gb_io_preiogbuf/PADSIGNALTOGLOBALBUFFER  PRE_IO_GBUF                    0               510  RISE       1
i_Clk_ibuf_gb_io_preiogbuf/GLOBALBUFFEROUTPUT       PRE_IO_GBUF                 1408              1918  RISE       1
I__8/I                                              gio2CtrlBuf                    0              1918  RISE       1
I__8/O                                              gio2CtrlBuf                    0              1918  RISE       1
I__9/I                                              GlobalMux                      0              1918  RISE       1
I__9/O                                              GlobalMux                    154              2073  RISE       1
I__10/I                                             ClkMux                         0              2073  RISE       1
I__10/O                                             ClkMux                       309              2381  RISE       1
r_LED_1_LC_1_4_7/clk                                LogicCell40_SEQ_MODE_1000      0              2381  RISE       1



++++ Path 2 ++++++++++++++++++++++++++++++++++++++++++++++++++++++++++ 

Path Begin       : r_Switch_1_LC_1_4_1/lcout
Path End         : r_LED_1_LC_1_4_7/in3
Capture Clock    : r_LED_1_LC_1_4_7/clk
Setup Constraint : 40000p
Path slack       : 38598p

Capture Clock Arrival Time (i_Clk:R#2)   40000
+ Capture Clock Source Latency               0
+ Capture Clock Path Delay                2381
- Setup Time                              -274
--------------------------------------   ----- 
End-of-path required time (ps)           42108

Launch Clock Arrival Time (i_Clk:R#1)      0
+ Launch Clock Source Latency              0
+ Launch Clock Path Delay               2381
+ Clock To Q                             540
+ Data Path Delay                        589
-------------------------------------   ---- 
End-of-path arrival time (ps)           3510
 
Launch Clock Path
pin name                                            model name                 delay  cumulative delay  edge  Fanout
--------------------------------------------------  -------------------------  -----  ----------------  ----  ------
i_Clk                                               Switch_1_LED_Toggle            0                 0  RISE       1
i_Clk_ibuf_gb_io_iopad/PACKAGEPIN:in                IO_PAD                         0                 0  RISE       1
i_Clk_ibuf_gb_io_iopad/DOUT                         IO_PAD                       510               510  RISE       1
i_Clk_ibuf_gb_io_preiogbuf/PADSIGNALTOGLOBALBUFFER  PRE_IO_GBUF                    0               510  RISE       1
i_Clk_ibuf_gb_io_preiogbuf/GLOBALBUFFEROUTPUT       PRE_IO_GBUF                 1408              1918  RISE       1
I__8/I                                              gio2CtrlBuf                    0              1918  RISE       1
I__8/O                                              gio2CtrlBuf                    0              1918  RISE       1
I__9/I                                              GlobalMux                      0              1918  RISE       1
I__9/O                                              GlobalMux                    154              2073  RISE       1
I__10/I                                             ClkMux                         0              2073  RISE       1
I__10/O                                             ClkMux                       309              2381  RISE       1
r_Switch_1_LC_1_4_1/clk                             LogicCell40_SEQ_MODE_1000      0              2381  RISE       1

Data path
pin name                   model name                 delay  cumulative delay  slack  edge  Fanout
-------------------------  -------------------------  -----  ----------------  -----  ----  ------
r_Switch_1_LC_1_4_1/lcout  LogicCell40_SEQ_MODE_1000    540              2921  38597  RISE       1
I__17/I                    LocalMux                       0              2921  38597  RISE       1
I__17/O                    LocalMux                     330              3251  38597  RISE       1
I__18/I                    InMux                          0              3251  38597  RISE       1
I__18/O                    InMux                        259              3510  38597  RISE       1
r_LED_1_LC_1_4_7/in3       LogicCell40_SEQ_MODE_1000      0              3510  38597  RISE       1

Capture Clock Path
pin name                                            model name                 delay  cumulative delay  edge  Fanout
--------------------------------------------------  -------------------------  -----  ----------------  ----  ------
i_Clk                                               Switch_1_LED_Toggle            0                 0  RISE       1
i_Clk_ibuf_gb_io_iopad/PACKAGEPIN:in                IO_PAD                         0                 0  RISE       1
i_Clk_ibuf_gb_io_iopad/DOUT                         IO_PAD                       510               510  RISE       1
i_Clk_ibuf_gb_io_preiogbuf/PADSIGNALTOGLOBALBUFFER  PRE_IO_GBUF                    0               510  RISE       1
i_Clk_ibuf_gb_io_preiogbuf/GLOBALBUFFEROUTPUT       PRE_IO_GBUF                 1408              1918  RISE       1
I__8/I                                              gio2CtrlBuf                    0              1918  RISE       1
I__8/O                                              gio2CtrlBuf                    0              1918  RISE       1
I__9/I                                              GlobalMux                      0              1918  RISE       1
I__9/O                                              GlobalMux                    154              2073  RISE       1
I__10/I                                             ClkMux                         0              2073  RISE       1
I__10/O                                             ClkMux                       309              2381  RISE       1
r_LED_1_LC_1_4_7/clk                                LogicCell40_SEQ_MODE_1000      0              2381  RISE       1



++++ Path 3 ++++++++++++++++++++++++++++++++++++++++++++++++++++++++++ 

Path Begin       : i_Switch_1
Path End         : r_LED_1_LC_1_4_7/in0
Capture Clock    : r_LED_1_LC_1_4_7/clk
Setup Constraint : +INF
Path slack       : +INF

Capture Clock Arrival Time (i_Clk:R#1)    +INF
+ Capture Clock Source Latency               0
+ Capture Clock Path Delay                2381
- Setup Time                              -400
--------------------------------------   ----- 
End-of-path required time (ps)            +INF

Launch Clock Arrival Time (DEFAULT:R#0)      0
+ Launch Clock Source Latency                0
+ Input Delay                                0
+ Data Path Delay                         1499
---------------------------------------   ---- 
End-of-path arrival time (ps)             1499
 
Data path
pin name                             model name                 delay  cumulative delay  slack  edge  Fanout
-----------------------------------  -------------------------  -----  ----------------  -----  ----  ------
i_Switch_1                           Switch_1_LED_Toggle            0                 0   +INF  RISE       1
i_Switch_1_ibuf_iopad/PACKAGEPIN:in  IO_PAD                         0                 0   +INF  RISE       1
i_Switch_1_ibuf_iopad/DOUT           IO_PAD                       510               510   +INF  RISE       1
i_Switch_1_ibuf_preio/PADIN          PRE_IO_PIN_TYPE_000001         0               510   +INF  RISE       1
i_Switch_1_ibuf_preio/DIN0           PRE_IO_PIN_TYPE_000001       463               973   +INF  FALL       1
I__19/I                              LocalMux                       0               973   +INF  FALL       1
I__19/O                              LocalMux                     309              1281   +INF  FALL       1
I__20/I                              InMux                          0              1281   +INF  FALL       1
I__20/O                              InMux                        217              1499   +INF  FALL       1
r_LED_1_LC_1_4_7/in0                 LogicCell40_SEQ_MODE_1000      0              1499   +INF  FALL       1

Capture Clock Path
pin name                                            model name                 delay  cumulative delay  edge  Fanout
--------------------------------------------------  -------------------------  -----  ----------------  ----  ------
i_Clk                                               Switch_1_LED_Toggle            0                 0  RISE       1
i_Clk_ibuf_gb_io_iopad/PACKAGEPIN:in                IO_PAD                         0                 0  RISE       1
i_Clk_ibuf_gb_io_iopad/DOUT                         IO_PAD                       510               510  RISE       1
i_Clk_ibuf_gb_io_preiogbuf/PADSIGNALTOGLOBALBUFFER  PRE_IO_GBUF                    0               510  RISE       1
i_Clk_ibuf_gb_io_preiogbuf/GLOBALBUFFEROUTPUT       PRE_IO_GBUF                 1408              1918  RISE       1
I__8/I                                              gio2CtrlBuf                    0              1918  RISE       1
I__8/O                                              gio2CtrlBuf                    0              1918  RISE       1
I__9/I                                              GlobalMux                      0              1918  RISE       1
I__9/O                                              GlobalMux                    154              2073  RISE       1
I__10/I                                             ClkMux                         0              2073  RISE       1
I__10/O                                             ClkMux                       309              2381  RISE       1
r_LED_1_LC_1_4_7/clk                                LogicCell40_SEQ_MODE_1000      0              2381  RISE       1



++++ Path 4 ++++++++++++++++++++++++++++++++++++++++++++++++++++++++++ 

Path Begin       : i_Switch_1
Path End         : r_Switch_1_LC_1_4_1/in0
Capture Clock    : r_Switch_1_LC_1_4_1/clk
Setup Constraint : +INF
Path slack       : +INF

Capture Clock Arrival Time (i_Clk:R#1)    +INF
+ Capture Clock Source Latency               0
+ Capture Clock Path Delay                2381
- Setup Time                              -400
--------------------------------------   ----- 
End-of-path required time (ps)            +INF

Launch Clock Arrival Time (DEFAULT:R#0)      0
+ Launch Clock Source Latency                0
+ Input Delay                                0
+ Data Path Delay                         1449
---------------------------------------   ---- 
End-of-path arrival time (ps)             1449
 
Data path
pin name                             model name                 delay  cumulative delay  slack  edge  Fanout
-----------------------------------  -------------------------  -----  ----------------  -----  ----  ------
i_Switch_1                           Switch_1_LED_Toggle            0                 0   +INF  FALL       1
i_Switch_1_ibuf_iopad/PACKAGEPIN:in  IO_PAD                         0                 0   +INF  FALL       1
i_Switch_1_ibuf_iopad/DOUT           IO_PAD                       460               460   +INF  FALL       1
i_Switch_1_ibuf_preio/PADIN          PRE_IO_PIN_TYPE_000001         0               460   +INF  FALL       1
i_Switch_1_ibuf_preio/DIN0           PRE_IO_PIN_TYPE_000001       463               923   +INF  FALL       1
I__19/I                              LocalMux                       0               923   +INF  FALL       1
I__19/O                              LocalMux                     309              1231   +INF  FALL       1
I__21/I                              InMux                          0              1231   +INF  FALL       1
I__21/O                              InMux                        217              1449   +INF  FALL       1
r_Switch_1_LC_1_4_1/in0              LogicCell40_SEQ_MODE_1000      0              1449   +INF  FALL       1

Capture Clock Path
pin name                                            model name                 delay  cumulative delay  edge  Fanout
--------------------------------------------------  -------------------------  -----  ----------------  ----  ------
i_Clk                                               Switch_1_LED_Toggle            0                 0  RISE       1
i_Clk_ibuf_gb_io_iopad/PACKAGEPIN:in                IO_PAD                         0                 0  RISE       1
i_Clk_ibuf_gb_io_iopad/DOUT                         IO_PAD                       510               510  RISE       1
i_Clk_ibuf_gb_io_preiogbuf/PADSIGNALTOGLOBALBUFFER  PRE_IO_GBUF                    0               510  RISE       1
i_Clk_ibuf_gb_io_preiogbuf/GLOBALBUFFEROUTPUT       PRE_IO_GBUF                 1408              1918  RISE       1
I__8/I                                              gio2CtrlBuf                    0              1918  RISE       1
I__8/O                                              gio2CtrlBuf                    0              1918  RISE       1
I__9/I                                              GlobalMux                      0              1918  RISE       1
I__9/O                                              GlobalMux                    154              2073  RISE       1
I__10/I                                             ClkMux                         0              2073  RISE       1
I__10/O                                             ClkMux                       309              2381  RISE       1
r_Switch_1_LC_1_4_1/clk                             LogicCell40_SEQ_MODE_1000      0              2381  RISE       1



++++ Path 5 ++++++++++++++++++++++++++++++++++++++++++++++++++++++++++ 

Path Begin       : r_LED_1_LC_1_4_7/lcout
Path End         : o_LED_1
Setup Constraint : +INF
Path slack       : +INF

End-of-path required time (ps)           +INF

Launch Clock Arrival Time (i_Clk:R#1)      0
+ Launch Clock Source Latency              0
+ Launch Clock Path Delay               2381
+ Clock To Q                             540
+ Data Path Delay                       5553
-------------------------------------   ---- 
End-of-path arrival time (ps)           8474
 
Launch Clock Path
pin name                                            model name                 delay  cumulative delay  edge  Fanout
--------------------------------------------------  -------------------------  -----  ----------------  ----  ------
i_Clk                                               Switch_1_LED_Toggle            0                 0  RISE       1
i_Clk_ibuf_gb_io_iopad/PACKAGEPIN:in                IO_PAD                         0                 0  RISE       1
i_Clk_ibuf_gb_io_iopad/DOUT                         IO_PAD                       510               510  RISE       1
i_Clk_ibuf_gb_io_preiogbuf/PADSIGNALTOGLOBALBUFFER  PRE_IO_GBUF                    0               510  RISE       1
i_Clk_ibuf_gb_io_preiogbuf/GLOBALBUFFEROUTPUT       PRE_IO_GBUF                 1408              1918  RISE       1
I__8/I                                              gio2CtrlBuf                    0              1918  RISE       1
I__8/O                                              gio2CtrlBuf                    0              1918  RISE       1
I__9/I                                              GlobalMux                      0              1918  RISE       1
I__9/O                                              GlobalMux                    154              2073  RISE       1
I__10/I                                             ClkMux                         0              2073  RISE       1
I__10/O                                             ClkMux                       309              2381  RISE       1
r_LED_1_LC_1_4_7/clk                                LogicCell40_SEQ_MODE_1000      0              2381  RISE       1

Data path
pin name                           model name                 delay  cumulative delay  slack  edge  Fanout
---------------------------------  -------------------------  -----  ----------------  -----  ----  ------
r_LED_1_LC_1_4_7/lcout             LogicCell40_SEQ_MODE_1000    540              2921   +INF  RISE       2
I__12/I                            Odrv4                          0              2921   +INF  RISE       1
I__12/O                            Odrv4                        351              3272   +INF  RISE       1
I__14/I                            IoSpan4Mux                     0              3272   +INF  RISE       1
I__14/O                            IoSpan4Mux                   288              3560   +INF  RISE       1
I__15/I                            LocalMux                       0              3560   +INF  RISE       1
I__15/O                            LocalMux                     330              3889   +INF  RISE       1
I__16/I                            IoInMux                        0              3889   +INF  RISE       1
I__16/O                            IoInMux                      259              4149   +INF  RISE       1
o_LED_1_obuf_preio/DOUT0           PRE_IO_PIN_TYPE_011001         0              4149   +INF  RISE       1
o_LED_1_obuf_preio/PADOUT          PRE_IO_PIN_TYPE_011001      2237              6386   +INF  FALL       1
o_LED_1_obuf_iopad/DIN             IO_PAD                         0              6386   +INF  FALL       1
o_LED_1_obuf_iopad/PACKAGEPIN:out  IO_PAD                      2088              8474   +INF  FALL       1
o_LED_1                            Switch_1_LED_Toggle            0              8474   +INF  FALL       1

===================================================================== 
                    End of Detailed Setup Report for all timing paths 
##################################################################### 

##################################################################### 
                    Detailed Hold Report for all timing paths 
===================================================================== 

++++ Path 1 ++++++++++++++++++++++++++++++++++++++++++++++++++++++++++ 

Path Begin       : r_LED_1_LC_1_4_7/lcout
Path End         : r_LED_1_LC_1_4_7/in1
Capture Clock    : r_LED_1_LC_1_4_7/clk
Hold Constraint  : 0p
Path slack       : 1066p

Capture Clock Arrival Time (i_Clk:R#1)      0
+ Capture Clock Source Latency              0
+ Capture Clock Path Delay               2381
- Setup Time                                0
--------------------------------------   ---- 
End-of-path required time (ps)           2381

Launch Clock Arrival Time (i_Clk:R#1)      0
+ Launch Clock Source Latency              0
+ Launch Clock Path Delay               2381
+ Clock To Q                             540
+ Data Path Delay                        526
-------------------------------------   ---- 
End-of-path arrival time (ps)           3447
 
Launch Clock Path
pin name                                            model name                 delay  cumulative delay  edge  Fanout
--------------------------------------------------  -------------------------  -----  ----------------  ----  ------
i_Clk                                               Switch_1_LED_Toggle            0                 0  RISE       1
i_Clk_ibuf_gb_io_iopad/PACKAGEPIN:in                IO_PAD                         0                 0  RISE       1
i_Clk_ibuf_gb_io_iopad/DOUT                         IO_PAD                       510               510  RISE       1
i_Clk_ibuf_gb_io_preiogbuf/PADSIGNALTOGLOBALBUFFER  PRE_IO_GBUF                    0               510  RISE       1
i_Clk_ibuf_gb_io_preiogbuf/GLOBALBUFFEROUTPUT       PRE_IO_GBUF                 1408              1918  RISE       1
I__8/I                                              gio2CtrlBuf                    0              1918  RISE       1
I__8/O                                              gio2CtrlBuf                    0              1918  RISE       1
I__9/I                                              GlobalMux                      0              1918  RISE       1
I__9/O                                              GlobalMux                    154              2073  RISE       1
I__10/I                                             ClkMux                         0              2073  RISE       1
I__10/O                                             ClkMux                       309              2381  RISE       1
r_LED_1_LC_1_4_7/clk                                LogicCell40_SEQ_MODE_1000      0              2381  RISE       1

Data path
pin name                model name                 delay  cumulative delay  slack  edge  Fanout
----------------------  -------------------------  -----  ----------------  -----  ----  ------
r_LED_1_LC_1_4_7/lcout  LogicCell40_SEQ_MODE_1000    540              2921   1066  FALL       2
I__11/I                 LocalMux                       0              2921   1066  FALL       1
I__11/O                 LocalMux                     309              3230   1066  FALL       1
I__13/I                 InMux                          0              3230   1066  FALL       1
I__13/O                 InMux                        217              3447   1066  FALL       1
r_LED_1_LC_1_4_7/in1    LogicCell40_SEQ_MODE_1000      0              3447   1066  FALL       1

Capture Clock Path
pin name                                            model name                 delay  cumulative delay  edge  Fanout
--------------------------------------------------  -------------------------  -----  ----------------  ----  ------
i_Clk                                               Switch_1_LED_Toggle            0                 0  RISE       1
i_Clk_ibuf_gb_io_iopad/PACKAGEPIN:in                IO_PAD                         0                 0  RISE       1
i_Clk_ibuf_gb_io_iopad/DOUT                         IO_PAD                       510               510  RISE       1
i_Clk_ibuf_gb_io_preiogbuf/PADSIGNALTOGLOBALBUFFER  PRE_IO_GBUF                    0               510  RISE       1
i_Clk_ibuf_gb_io_preiogbuf/GLOBALBUFFEROUTPUT       PRE_IO_GBUF                 1408              1918  RISE       1
I__8/I                                              gio2CtrlBuf                    0              1918  RISE       1
I__8/O                                              gio2CtrlBuf                    0              1918  RISE       1
I__9/I                                              GlobalMux                      0              1918  RISE       1
I__9/O                                              GlobalMux                    154              2073  RISE       1
I__10/I                                             ClkMux                         0              2073  RISE       1
I__10/O                                             ClkMux                       309              2381  RISE       1
r_LED_1_LC_1_4_7/clk                                LogicCell40_SEQ_MODE_1000      0              2381  RISE       1



++++ Path 2 ++++++++++++++++++++++++++++++++++++++++++++++++++++++++++ 

Path Begin       : r_Switch_1_LC_1_4_1/lcout
Path End         : r_LED_1_LC_1_4_7/in3
Capture Clock    : r_LED_1_LC_1_4_7/clk
Hold Constraint  : 0p
Path slack       : 1066p

Capture Clock Arrival Time (i_Clk:R#1)      0
+ Capture Clock Source Latency              0
+ Capture Clock Path Delay               2381
- Setup Time                                0
--------------------------------------   ---- 
End-of-path required time (ps)           2381

Launch Clock Arrival Time (i_Clk:R#1)      0
+ Launch Clock Source Latency              0
+ Launch Clock Path Delay               2381
+ Clock To Q                             540
+ Data Path Delay                        526
-------------------------------------   ---- 
End-of-path arrival time (ps)           3447
 
Launch Clock Path
pin name                                            model name                 delay  cumulative delay  edge  Fanout
--------------------------------------------------  -------------------------  -----  ----------------  ----  ------
i_Clk                                               Switch_1_LED_Toggle            0                 0  RISE       1
i_Clk_ibuf_gb_io_iopad/PACKAGEPIN:in                IO_PAD                         0                 0  RISE       1
i_Clk_ibuf_gb_io_iopad/DOUT                         IO_PAD                       510               510  RISE       1
i_Clk_ibuf_gb_io_preiogbuf/PADSIGNALTOGLOBALBUFFER  PRE_IO_GBUF                    0               510  RISE       1
i_Clk_ibuf_gb_io_preiogbuf/GLOBALBUFFEROUTPUT       PRE_IO_GBUF                 1408              1918  RISE       1
I__8/I                                              gio2CtrlBuf                    0              1918  RISE       1
I__8/O                                              gio2CtrlBuf                    0              1918  RISE       1
I__9/I                                              GlobalMux                      0              1918  RISE       1
I__9/O                                              GlobalMux                    154              2073  RISE       1
I__10/I                                             ClkMux                         0              2073  RISE       1
I__10/O                                             ClkMux                       309              2381  RISE       1
r_Switch_1_LC_1_4_1/clk                             LogicCell40_SEQ_MODE_1000      0              2381  RISE       1

Data path
pin name                   model name                 delay  cumulative delay  slack  edge  Fanout
-------------------------  -------------------------  -----  ----------------  -----  ----  ------
r_Switch_1_LC_1_4_1/lcout  LogicCell40_SEQ_MODE_1000    540              2921   1066  FALL       1
I__17/I                    LocalMux                       0              2921   1066  FALL       1
I__17/O                    LocalMux                     309              3230   1066  FALL       1
I__18/I                    InMux                          0              3230   1066  FALL       1
I__18/O                    InMux                        217              3447   1066  FALL       1
r_LED_1_LC_1_4_7/in3       LogicCell40_SEQ_MODE_1000      0              3447   1066  FALL       1

Capture Clock Path
pin name                                            model name                 delay  cumulative delay  edge  Fanout
--------------------------------------------------  -------------------------  -----  ----------------  ----  ------
i_Clk                                               Switch_1_LED_Toggle            0                 0  RISE       1
i_Clk_ibuf_gb_io_iopad/PACKAGEPIN:in                IO_PAD                         0                 0  RISE       1
i_Clk_ibuf_gb_io_iopad/DOUT                         IO_PAD                       510               510  RISE       1
i_Clk_ibuf_gb_io_preiogbuf/PADSIGNALTOGLOBALBUFFER  PRE_IO_GBUF                    0               510  RISE       1
i_Clk_ibuf_gb_io_preiogbuf/GLOBALBUFFEROUTPUT       PRE_IO_GBUF                 1408              1918  RISE       1
I__8/I                                              gio2CtrlBuf                    0              1918  RISE       1
I__8/O                                              gio2CtrlBuf                    0              1918  RISE       1
I__9/I                                              GlobalMux                      0              1918  RISE       1
I__9/O                                              GlobalMux                    154              2073  RISE       1
I__10/I                                             ClkMux                         0              2073  RISE       1
I__10/O                                             ClkMux                       309              2381  RISE       1
r_LED_1_LC_1_4_7/clk                                LogicCell40_SEQ_MODE_1000      0              2381  RISE       1



++++ Path 3 ++++++++++++++++++++++++++++++++++++++++++++++++++++++++++ 

Path Begin       : i_Switch_1
Path End         : r_LED_1_LC_1_4_7/in0
Capture Clock    : r_LED_1_LC_1_4_7/clk
Hold Constraint  : -INF
Path slack       : +INF

Capture Clock Arrival Time (i_Clk:R#1)    -INF
+ Capture Clock Source Latency               0
+ Capture Clock Path Delay                2381
- Setup Time                                 0
--------------------------------------   ----- 
End-of-path required time (ps)            -INF

Launch Clock Arrival Time (DEFAULT:R#0)      0
+ Launch Clock Source Latency                0
+ Input Delay                                0
+ Data Path Delay                         1499
---------------------------------------   ---- 
End-of-path arrival time (ps)             1499
 
Data path
pin name                             model name                 delay  cumulative delay  slack  edge  Fanout
-----------------------------------  -------------------------  -----  ----------------  -----  ----  ------
i_Switch_1                           Switch_1_LED_Toggle            0                 0   +INF  RISE       1
i_Switch_1_ibuf_iopad/PACKAGEPIN:in  IO_PAD                         0                 0   +INF  RISE       1
i_Switch_1_ibuf_iopad/DOUT           IO_PAD                       510               510   +INF  RISE       1
i_Switch_1_ibuf_preio/PADIN          PRE_IO_PIN_TYPE_000001         0               510   +INF  RISE       1
i_Switch_1_ibuf_preio/DIN0           PRE_IO_PIN_TYPE_000001       463               973   +INF  FALL       1
I__19/I                              LocalMux                       0               973   +INF  FALL       1
I__19/O                              LocalMux                     309              1281   +INF  FALL       1
I__20/I                              InMux                          0              1281   +INF  FALL       1
I__20/O                              InMux                        217              1499   +INF  FALL       1
r_LED_1_LC_1_4_7/in0                 LogicCell40_SEQ_MODE_1000      0              1499   +INF  FALL       1

Capture Clock Path
pin name                                            model name                 delay  cumulative delay  edge  Fanout
--------------------------------------------------  -------------------------  -----  ----------------  ----  ------
i_Clk                                               Switch_1_LED_Toggle            0                 0  RISE       1
i_Clk_ibuf_gb_io_iopad/PACKAGEPIN:in                IO_PAD                         0                 0  RISE       1
i_Clk_ibuf_gb_io_iopad/DOUT                         IO_PAD                       510               510  RISE       1
i_Clk_ibuf_gb_io_preiogbuf/PADSIGNALTOGLOBALBUFFER  PRE_IO_GBUF                    0               510  RISE       1
i_Clk_ibuf_gb_io_preiogbuf/GLOBALBUFFEROUTPUT       PRE_IO_GBUF                 1408              1918  RISE       1
I__8/I                                              gio2CtrlBuf                    0              1918  RISE       1
I__8/O                                              gio2CtrlBuf                    0              1918  RISE       1
I__9/I                                              GlobalMux                      0              1918  RISE       1
I__9/O                                              GlobalMux                    154              2073  RISE       1
I__10/I                                             ClkMux                         0              2073  RISE       1
I__10/O                                             ClkMux                       309              2381  RISE       1
r_LED_1_LC_1_4_7/clk                                LogicCell40_SEQ_MODE_1000      0              2381  RISE       1



++++ Path 4 ++++++++++++++++++++++++++++++++++++++++++++++++++++++++++ 

Path Begin       : i_Switch_1
Path End         : r_Switch_1_LC_1_4_1/in0
Capture Clock    : r_Switch_1_LC_1_4_1/clk
Hold Constraint  : -INF
Path slack       : +INF

Capture Clock Arrival Time (i_Clk:R#1)    -INF
+ Capture Clock Source Latency               0
+ Capture Clock Path Delay                2381
- Setup Time                                 0
--------------------------------------   ----- 
End-of-path required time (ps)            -INF

Launch Clock Arrival Time (DEFAULT:R#0)      0
+ Launch Clock Source Latency                0
+ Input Delay                                0
+ Data Path Delay                         1449
---------------------------------------   ---- 
End-of-path arrival time (ps)             1449
 
Data path
pin name                             model name                 delay  cumulative delay  slack  edge  Fanout
-----------------------------------  -------------------------  -----  ----------------  -----  ----  ------
i_Switch_1                           Switch_1_LED_Toggle            0                 0   +INF  FALL       1
i_Switch_1_ibuf_iopad/PACKAGEPIN:in  IO_PAD                         0                 0   +INF  FALL       1
i_Switch_1_ibuf_iopad/DOUT           IO_PAD                       460               460   +INF  FALL       1
i_Switch_1_ibuf_preio/PADIN          PRE_IO_PIN_TYPE_000001         0               460   +INF  FALL       1
i_Switch_1_ibuf_preio/DIN0           PRE_IO_PIN_TYPE_000001       463               923   +INF  FALL       1
I__19/I                              LocalMux                       0               923   +INF  FALL       1
I__19/O                              LocalMux                     309              1231   +INF  FALL       1
I__21/I                              InMux                          0              1231   +INF  FALL       1
I__21/O                              InMux                        217              1449   +INF  FALL       1
r_Switch_1_LC_1_4_1/in0              LogicCell40_SEQ_MODE_1000      0              1449   +INF  FALL       1

Capture Clock Path
pin name                                            model name                 delay  cumulative delay  edge  Fanout
--------------------------------------------------  -------------------------  -----  ----------------  ----  ------
i_Clk                                               Switch_1_LED_Toggle            0                 0  RISE       1
i_Clk_ibuf_gb_io_iopad/PACKAGEPIN:in                IO_PAD                         0                 0  RISE       1
i_Clk_ibuf_gb_io_iopad/DOUT                         IO_PAD                       510               510  RISE       1
i_Clk_ibuf_gb_io_preiogbuf/PADSIGNALTOGLOBALBUFFER  PRE_IO_GBUF                    0               510  RISE       1
i_Clk_ibuf_gb_io_preiogbuf/GLOBALBUFFEROUTPUT       PRE_IO_GBUF                 1408              1918  RISE       1
I__8/I                                              gio2CtrlBuf                    0              1918  RISE       1
I__8/O                                              gio2CtrlBuf                    0              1918  RISE       1
I__9/I                                              GlobalMux                      0              1918  RISE       1
I__9/O                                              GlobalMux                    154              2073  RISE       1
I__10/I                                             ClkMux                         0              2073  RISE       1
I__10/O                                             ClkMux                       309              2381  RISE       1
r_Switch_1_LC_1_4_1/clk                             LogicCell40_SEQ_MODE_1000      0              2381  RISE       1



++++ Path 5 ++++++++++++++++++++++++++++++++++++++++++++++++++++++++++ 

Path Begin       : r_LED_1_LC_1_4_7/lcout
Path End         : o_LED_1
Hold Constraint  : -INF
Path slack       : +INF

End-of-path required time (ps)           +INF

Launch Clock Arrival Time (i_Clk:R#1)      0
+ Launch Clock Source Latency              0
+ Launch Clock Path Delay               2381
+ Clock To Q                             540
+ Data Path Delay                       5553
-------------------------------------   ---- 
End-of-path arrival time (ps)           8474
 
Launch Clock Path
pin name                                            model name                 delay  cumulative delay  edge  Fanout
--------------------------------------------------  -------------------------  -----  ----------------  ----  ------
i_Clk                                               Switch_1_LED_Toggle            0                 0  RISE       1
i_Clk_ibuf_gb_io_iopad/PACKAGEPIN:in                IO_PAD                         0                 0  RISE       1
i_Clk_ibuf_gb_io_iopad/DOUT                         IO_PAD                       510               510  RISE       1
i_Clk_ibuf_gb_io_preiogbuf/PADSIGNALTOGLOBALBUFFER  PRE_IO_GBUF                    0               510  RISE       1
i_Clk_ibuf_gb_io_preiogbuf/GLOBALBUFFEROUTPUT       PRE_IO_GBUF                 1408              1918  RISE       1
I__8/I                                              gio2CtrlBuf                    0              1918  RISE       1
I__8/O                                              gio2CtrlBuf                    0              1918  RISE       1
I__9/I                                              GlobalMux                      0              1918  RISE       1
I__9/O                                              GlobalMux                    154              2073  RISE       1
I__10/I                                             ClkMux                         0              2073  RISE       1
I__10/O                                             ClkMux                       309              2381  RISE       1
r_LED_1_LC_1_4_7/clk                                LogicCell40_SEQ_MODE_1000      0              2381  RISE       1

Data path
pin name                           model name                 delay  cumulative delay  slack  edge  Fanout
---------------------------------  -------------------------  -----  ----------------  -----  ----  ------
r_LED_1_LC_1_4_7/lcout             LogicCell40_SEQ_MODE_1000    540              2921   +INF  RISE       2
I__12/I                            Odrv4                          0              2921   +INF  RISE       1
I__12/O                            Odrv4                        351              3272   +INF  RISE       1
I__14/I                            IoSpan4Mux                     0              3272   +INF  RISE       1
I__14/O                            IoSpan4Mux                   288              3560   +INF  RISE       1
I__15/I                            LocalMux                       0              3560   +INF  RISE       1
I__15/O                            LocalMux                     330              3889   +INF  RISE       1
I__16/I                            IoInMux                        0              3889   +INF  RISE       1
I__16/O                            IoInMux                      259              4149   +INF  RISE       1
o_LED_1_obuf_preio/DOUT0           PRE_IO_PIN_TYPE_011001         0              4149   +INF  RISE       1
o_LED_1_obuf_preio/PADOUT          PRE_IO_PIN_TYPE_011001      2237              6386   +INF  FALL       1
o_LED_1_obuf_iopad/DIN             IO_PAD                         0              6386   +INF  FALL       1
o_LED_1_obuf_iopad/PACKAGEPIN:out  IO_PAD                      2088              8474   +INF  FALL       1
o_LED_1                            Switch_1_LED_Toggle            0              8474   +INF  FALL       1

===================================================================== 
                    End of Detailed Hold Report for all timing paths 
##################################################################### 

##################################################################### 
                    End of Timing Report 
##################################################################### 

