Running in Lattice mode


Starting:    C:\lscc\iCEcube2.2020.12\synpbase\bin64\mbin\synbatch.exe
Install:     C:\lscc\iCEcube2.2020.12\synpbase
Hostname:    BRANDON_LAPTOP
Date:        Sat Nov 04 00:21:56 2023
Version:     L-2016.09L+ice40

Arguments:   -product synplify_pro -batch And_Gate_syn.prj
ProductType: synplify_pro





log file: "C:\lscc\iCEcube2.2020.12\Projects\Go Board Tutorials\LUTs\And_Gate\And_Gate_Implmnt\And_Gate.srr"
Running: And_Gate_Implmnt in foreground

Running And_Gate_syn|And_Gate_Implmnt

Running: compile (Compile) on And_Gate_syn|And_Gate_Implmnt
# Sat Nov 04 00:21:56 2023

Running: compile_flow (Compile Process) on And_Gate_syn|And_Gate_Implmnt
# Sat Nov 04 00:21:56 2023

Running: compiler (Compile Input) on And_Gate_syn|And_Gate_Implmnt
# Sat Nov 04 00:21:56 2023
Copied C:\lscc\iCEcube2.2020.12\Projects\Go Board Tutorials\LUTs\And_Gate\And_Gate_Implmnt\synwork\And_Gate_comp.srs to C:\lscc\iCEcube2.2020.12\Projects\Go Board Tutorials\LUTs\And_Gate\And_Gate_Implmnt\And_Gate.srs

compiler completed
# Sat Nov 04 00:21:57 2023

Return Code: 0
Run Time:00h:00m:01s

Running: multi_srs_gen (Multi-srs Generator) on And_Gate_syn|And_Gate_Implmnt
# Sat Nov 04 00:21:57 2023

multi_srs_gen completed
# Sat Nov 04 00:21:57 2023

Return Code: 0
Run Time:00h:00m:00s
Copied C:\lscc\iCEcube2.2020.12\Projects\Go Board Tutorials\LUTs\And_Gate\And_Gate_Implmnt\synwork\And_Gate_mult.srs to C:\lscc\iCEcube2.2020.12\Projects\Go Board Tutorials\LUTs\And_Gate\And_Gate_Implmnt\And_Gate.srs
Complete: Compile Process on And_Gate_syn|And_Gate_Implmnt

Running: premap (Pre-mapping) on And_Gate_syn|And_Gate_Implmnt
# Sat Nov 04 00:21:57 2023

premap completed
# Sat Nov 04 00:21:57 2023

Return Code: 0
Run Time:00h:00m:00s
Complete: Compile on And_Gate_syn|And_Gate_Implmnt

Running: map (Map) on And_Gate_syn|And_Gate_Implmnt
# Sat Nov 04 00:21:57 2023
License granted for 4 parallel jobs

Running: fpga_mapper (Map & Optimize) on And_Gate_syn|And_Gate_Implmnt
# Sat Nov 04 00:21:57 2023
Copied C:\lscc\iCEcube2.2020.12\Projects\Go Board Tutorials\LUTs\And_Gate\And_Gate_Implmnt\synwork\And_Gate_m.srm to C:\lscc\iCEcube2.2020.12\Projects\Go Board Tutorials\LUTs\And_Gate\And_Gate_Implmnt\And_Gate.srm

fpga_mapper completed
# Sat Nov 04 00:21:58 2023

Return Code: 0
Run Time:00h:00m:01s
Complete: Map on And_Gate_syn|And_Gate_Implmnt
Complete: Logic Synthesis on And_Gate_syn|And_Gate_Implmnt

exit status=0

exit status=0

